
> portfolio3@1.0.0 build
> react-scripts build

node.exe : 
(node:6540) 
[DEP0176] 
DeprecationWarning: 
fs.F_OK is 
deprecated, use 
fs.constants.F_OK 
instead
At line:1 char:1
+ & "D:\Program 
Files/node.exe" 
"D:\Program Files/nod
e_modules/npm/bin/ 
...
+ ~~~~~~~~~~~~~~~~~~~
~~~~~~~~~~~~~~~~~~~~~
~~~~~~~~~~~~~~~~~~~~~
~~~~~~~~
    + CategoryInfo   
           : NotSpe  
  cified: ((node:6   
 540) [DE...ts.F_    
OK instead:Strin    
g) [], RemoteExc    
eption
    + FullyQualified 
   ErrorId : Native  
  CommandError
 
(Use `node 
--trace-deprecation 
...` to show where 
the warning was 
created)
Creating an optimized production build...
Error: error:0308010C
:digital envelope 
routines::unsupported
    at new Hash (node
:internal/crypto/hash
:103:19)
    at 
Object.createHash 
(node:crypto:145:10)
    at 
module.exports (D:\Po
rtfolio\portfolio3\no
de_modules\webpack\li
b\util\createHash.js:
135:53)
    at NormalModule._
initBuildHash (D:\Por
tfolio\portfolio3\nod
e_modules\webpack\lib
\NormalModule.js:417:
16)
    at 
handleParseError (D:\
Portfolio\portfolio3\
node_modules\webpack\
lib\NormalModule.js:4
71:10)
    at D:\Portfolio\p
ortfolio3\node_module
s\webpack\lib\NormalM
odule.js:503:5
    at D:\Portfolio\p
ortfolio3\node_module
s\webpack\lib\NormalM
odule.js:358:12
    at D:\Portfolio\p
ortfolio3\node_module
s\loader-runner\lib\L
oaderRunner.js:373:3
    at 
iterateNormalLoaders 
(D:\Portfolio\portfol
io3\node_modules\load
er-runner\lib\LoaderR
unner.js:214:10)
    at 
iterateNormalLoaders 
(D:\Portfolio\portfol
io3\node_modules\load
er-runner\lib\LoaderR
unner.js:221:10)
    at D:\Portfolio\p
ortfolio3\node_module
s\loader-runner\lib\L
oaderRunner.js:236:3
    at 
runSyncOrAsync (D:\Po
rtfolio\portfolio3\no
de_modules\loader-run
ner\lib\LoaderRunner.
js:130:11)
    at 
iterateNormalLoaders 
(D:\Portfolio\portfol
io3\node_modules\load
er-runner\lib\LoaderR
unner.js:232:2)
    at 
Array.<anonymous> (D:
\Portfolio\portfolio3
\node_modules\loader-
runner\lib\LoaderRunn
er.js:205:4)
    at 
Storage.finished (D:\
Portfolio\portfolio3\
node_modules\enhanced
-resolve\lib\CachedIn
putFileSystem.js:55:1
6)
    at D:\Portfolio\p
ortfolio3\node_module
s\enhanced-resolve\li
b\CachedInputFileSyst
em.js:91:9
D:\Portfolio\portfoli
o3\node_modules\react
-scripts\scripts\buil
d.js:19
  throw err;
  ^

Error: error:0308010C
:digital envelope 
routines::unsupported
    at new Hash (node
:internal/crypto/hash
:103:19)
    at 
Object.createHash 
(node:crypto:145:10)
    at 
module.exports (D:\Po
rtfolio\portfolio3\no
de_modules\webpack\li
b\util\createHash.js:
135:53)
    at NormalModule._
initBuildHash (D:\Por
tfolio\portfolio3\nod
e_modules\webpack\lib
\NormalModule.js:417:
16)
    at D:\Portfolio\p
ortfolio3\node_module
s\webpack\lib\NormalM
odule.js:452:10
    at D:\Portfolio\p
ortfolio3\node_module
s\webpack\lib\NormalM
odule.js:323:13
    at D:\Portfolio\p
ortfolio3\node_module
s\loader-runner\lib\L
oaderRunner.js:367:11
    at D:\Portfolio\p
ortfolio3\node_module
s\loader-runner\lib\L
oaderRunner.js:233:18
    at 
context.callback (D:\
Portfolio\portfolio3\
node_modules\loader-r
unner\lib\LoaderRunne
r.js:111:13)
    at D:\Portfolio\p
ortfolio3\node_module
s\babel-loader\lib\in
dex.js:59:103 {
  opensslErrorStack: 
[
    'error:03000086:d
igital envelope routi
nes::initialization 
error',
    'error:0308010C:d
igital envelope routi
nes::unsupported'
  ],
  library: 'digital 
envelope routines',
  reason: 
'unsupported',
  code: 'ERR_OSSL_EVP
_UNSUPPORTED'
}

Node.js v24.12.0
